<?xml version="1.0" encoding="UTF-8"?>
<!-- Generated by org.testng.reporters.JUnitXMLReporter -->
<testsuite ignored="0" hostname="DESKTOP-HT67QNO" failures="0" tests="2" name="Test04" time="14.118" errors="0" timestamp="2022-07-26T17:38:22 CST">
  <testcase classname="com.calidaddelsoftware.project.test04" name="Test01ReportsProducstNeverPurchased" time="6.179"/>
  <testcase classname="com.calidaddelsoftware.project.test04" name="Test02ReportsProducstNeverPurchased" time="7.893"/>
</testsuite> <!-- Test04 -->
